<?xml version="1.0" encoding="UTF-8"?>
<testsuite name="runners.TestRunner" tests="1" skipped="0" failures="0" errors="0" timestamp="2021-07-27T15:00:18" hostname="UKC02ZD25PJV3N" time="0.324">
  <properties/>
  <testcase name="runScenario[0](&quot;This is my lovely test scenario&quot;, &quot;This is my lovely test feature&quot;)" classname="runners.TestRunner" time="0.324"/>
  <system-out><![CDATA[16:00:18.445 [Test worker] INFO io.github.testra.java.commons.utils.PropertyUtils - Loading property resource : /Users/pjs03/IdeaProjects/testra-cucumber-example/.testra.config
16:00:18.795 [Test worker] INFO io.github.testra.java.reporter.TestraReporter - Created new Execution, Id : 61001f82c9e77c000955696b
]]></system-out>
  <system-err><![CDATA[]]></system-err>
</testsuite>
